<?xml version="1.0" encoding="UTF-8"?>
<testsuite xmlns:xsi="http://www.w3.org/2001/XMLSchema-instance" xsi:noNamespaceSchemaLocation="https://maven.apache.org/surefire/maven-surefire-plugin/xsd/surefire-test-report.xsd" name="com.cheng.BbsSystemApplicationTests" time="4.23" tests="1" errors="0" skipped="0" failures="0">
  <properties>
    <property name="sun.desktop" value="windows"/>
    <property name="awt.toolkit" value="sun.awt.windows.WToolkit"/>
    <property name="file.encoding.pkg" value="sun.io"/>
    <property name="java.specification.version" value="1.8"/>
    <property name="sun.cpu.isalist" value="amd64"/>
    <property name="sun.jnu.encoding" value="GBK"/>
    <property name="java.class.path" value="D:\JavaEE项目\bbsSystem\target\test-classes;D:\JavaEE项目\bbsSystem\target\classes;D:\Maven\repo\org\springframework\boot\spring-boot-starter-web\2.6.7\spring-boot-starter-web-2.6.7.jar;D:\Maven\repo\org\springframework\boot\spring-boot-starter\2.6.7\spring-boot-starter-2.6.7.jar;D:\Maven\repo\org\springframework\boot\spring-boot\2.6.7\spring-boot-2.6.7.jar;D:\Maven\repo\org\springframework\boot\spring-boot-starter-logging\2.6.7\spring-boot-starter-logging-2.6.7.jar;D:\Maven\repo\ch\qos\logback\logback-classic\1.2.11\logback-classic-1.2.11.jar;D:\Maven\repo\ch\qos\logback\logback-core\1.2.11\logback-core-1.2.11.jar;D:\Maven\repo\org\apache\logging\log4j\log4j-to-slf4j\2.17.2\log4j-to-slf4j-2.17.2.jar;D:\Maven\repo\org\apache\logging\log4j\log4j-api\2.17.2\log4j-api-2.17.2.jar;D:\Maven\repo\org\slf4j\jul-to-slf4j\1.7.36\jul-to-slf4j-1.7.36.jar;D:\Maven\repo\jakarta\annotation\jakarta.annotation-api\1.3.5\jakarta.annotation-api-1.3.5.jar;D:\Maven\repo\org\yaml\snakeyaml\1.29\snakeyaml-1.29.jar;D:\Maven\repo\org\springframework\boot\spring-boot-starter-json\2.6.7\spring-boot-starter-json-2.6.7.jar;D:\Maven\repo\com\fasterxml\jackson\core\jackson-databind\2.13.2.1\jackson-databind-2.13.2.1.jar;D:\Maven\repo\com\fasterxml\jackson\core\jackson-annotations\2.13.2\jackson-annotations-2.13.2.jar;D:\Maven\repo\com\fasterxml\jackson\core\jackson-core\2.13.2\jackson-core-2.13.2.jar;D:\Maven\repo\com\fasterxml\jackson\datatype\jackson-datatype-jdk8\2.13.2\jackson-datatype-jdk8-2.13.2.jar;D:\Maven\repo\com\fasterxml\jackson\datatype\jackson-datatype-jsr310\2.13.2\jackson-datatype-jsr310-2.13.2.jar;D:\Maven\repo\com\fasterxml\jackson\module\jackson-module-parameter-names\2.13.2\jackson-module-parameter-names-2.13.2.jar;D:\Maven\repo\org\springframework\boot\spring-boot-starter-tomcat\2.6.7\spring-boot-starter-tomcat-2.6.7.jar;D:\Maven\repo\org\apache\tomcat\embed\tomcat-embed-core\9.0.62\tomcat-embed-core-9.0.62.jar;D:\Maven\repo\org\apache\tomcat\embed\tomcat-embed-el\9.0.62\tomcat-embed-el-9.0.62.jar;D:\Maven\repo\org\apache\tomcat\embed\tomcat-embed-websocket\9.0.62\tomcat-embed-websocket-9.0.62.jar;D:\Maven\repo\org\springframework\spring-web\5.3.19\spring-web-5.3.19.jar;D:\Maven\repo\org\springframework\spring-beans\5.3.19\spring-beans-5.3.19.jar;D:\Maven\repo\org\springframework\spring-webmvc\5.3.19\spring-webmvc-5.3.19.jar;D:\Maven\repo\org\springframework\spring-aop\5.3.19\spring-aop-5.3.19.jar;D:\Maven\repo\org\springframework\spring-context\5.3.19\spring-context-5.3.19.jar;D:\Maven\repo\org\springframework\spring-expression\5.3.19\spring-expression-5.3.19.jar;D:\Maven\repo\org\mybatis\spring\boot\mybatis-spring-boot-starter\2.2.2\mybatis-spring-boot-starter-2.2.2.jar;D:\Maven\repo\org\springframework\boot\spring-boot-starter-jdbc\2.6.7\spring-boot-starter-jdbc-2.6.7.jar;D:\Maven\repo\com\zaxxer\HikariCP\4.0.3\HikariCP-4.0.3.jar;D:\Maven\repo\org\springframework\spring-jdbc\5.3.19\spring-jdbc-5.3.19.jar;D:\Maven\repo\org\springframework\spring-tx\5.3.19\spring-tx-5.3.19.jar;D:\Maven\repo\org\mybatis\spring\boot\mybatis-spring-boot-autoconfigure\2.2.2\mybatis-spring-boot-autoconfigure-2.2.2.jar;D:\Maven\repo\org\mybatis\mybatis\3.5.9\mybatis-3.5.9.jar;D:\Maven\repo\org\mybatis\mybatis-spring\2.0.7\mybatis-spring-2.0.7.jar;D:\Maven\repo\mysql\mysql-connector-java\8.0.28\mysql-connector-java-8.0.28.jar;D:\Maven\repo\org\projectlombok\lombok\1.18.24\lombok-1.18.24.jar;D:\Maven\repo\org\springframework\boot\spring-boot-starter-test\2.6.7\spring-boot-starter-test-2.6.7.jar;D:\Maven\repo\org\springframework\boot\spring-boot-test\2.6.7\spring-boot-test-2.6.7.jar;D:\Maven\repo\org\springframework\boot\spring-boot-test-autoconfigure\2.6.7\spring-boot-test-autoconfigure-2.6.7.jar;D:\Maven\repo\com\jayway\jsonpath\json-path\2.6.0\json-path-2.6.0.jar;D:\Maven\repo\net\minidev\json-smart\2.4.8\json-smart-2.4.8.jar;D:\Maven\repo\net\minidev\accessors-smart\2.4.8\accessors-smart-2.4.8.jar;D:\Maven\repo\org\ow2\asm\asm\9.1\asm-9.1.jar;D:\Maven\repo\jakarta\xml\bind\jakarta.xml.bind-api\2.3.3\jakarta.xml.bind-api-2.3.3.jar;D:\Maven\repo\jakarta\activation\jakarta.activation-api\1.2.2\jakarta.activation-api-1.2.2.jar;D:\Maven\repo\org\assertj\assertj-core\3.21.0\assertj-core-3.21.0.jar;D:\Maven\repo\org\hamcrest\hamcrest\2.2\hamcrest-2.2.jar;D:\Maven\repo\org\junit\jupiter\junit-jupiter\5.8.2\junit-jupiter-5.8.2.jar;D:\Maven\repo\org\junit\jupiter\junit-jupiter-api\5.8.2\junit-jupiter-api-5.8.2.jar;D:\Maven\repo\org\opentest4j\opentest4j\1.2.0\opentest4j-1.2.0.jar;D:\Maven\repo\org\junit\platform\junit-platform-commons\1.8.2\junit-platform-commons-1.8.2.jar;D:\Maven\repo\org\apiguardian\apiguardian-api\1.1.2\apiguardian-api-1.1.2.jar;D:\Maven\repo\org\junit\jupiter\junit-jupiter-params\5.8.2\junit-jupiter-params-5.8.2.jar;D:\Maven\repo\org\junit\jupiter\junit-jupiter-engine\5.8.2\junit-jupiter-engine-5.8.2.jar;D:\Maven\repo\org\junit\platform\junit-platform-engine\1.8.2\junit-platform-engine-1.8.2.jar;D:\Maven\repo\org\mockito\mockito-core\4.0.0\mockito-core-4.0.0.jar;D:\Maven\repo\net\bytebuddy\byte-buddy\1.11.22\byte-buddy-1.11.22.jar;D:\Maven\repo\net\bytebuddy\byte-buddy-agent\1.11.22\byte-buddy-agent-1.11.22.jar;D:\Maven\repo\org\objenesis\objenesis\3.2\objenesis-3.2.jar;D:\Maven\repo\org\mockito\mockito-junit-jupiter\4.0.0\mockito-junit-jupiter-4.0.0.jar;D:\Maven\repo\org\skyscreamer\jsonassert\1.5.0\jsonassert-1.5.0.jar;D:\Maven\repo\com\vaadin\external\google\android-json\0.0.20131108.vaadin1\android-json-0.0.20131108.vaadin1.jar;D:\Maven\repo\org\springframework\spring-core\5.3.19\spring-core-5.3.19.jar;D:\Maven\repo\org\springframework\spring-jcl\5.3.19\spring-jcl-5.3.19.jar;D:\Maven\repo\org\springframework\spring-test\5.3.19\spring-test-5.3.19.jar;D:\Maven\repo\org\xmlunit\xmlunit-core\2.8.4\xmlunit-core-2.8.4.jar;D:\Maven\repo\com\alibaba\druid-spring-boot-starter\1.2.9\druid-spring-boot-starter-1.2.9.jar;D:\Maven\repo\com\alibaba\druid\1.2.9\druid-1.2.9.jar;D:\Maven\repo\org\slf4j\slf4j-api\1.7.36\slf4j-api-1.7.36.jar;D:\Maven\repo\org\springframework\boot\spring-boot-autoconfigure\2.6.7\spring-boot-autoconfigure-2.6.7.jar;D:\Maven\repo\org\apache\shiro\shiro-spring-boot-web-starter\1.9.0\shiro-spring-boot-web-starter-1.9.0.jar;D:\Maven\repo\org\apache\shiro\shiro-spring-boot-starter\1.9.0\shiro-spring-boot-starter-1.9.0.jar;D:\Maven\repo\org\apache\shiro\shiro-spring\1.9.0\shiro-spring-1.9.0.jar;D:\Maven\repo\org\apache\shiro\shiro-core\1.9.0\shiro-core-1.9.0.jar;D:\Maven\repo\org\apache\shiro\shiro-lang\1.9.0\shiro-lang-1.9.0.jar;D:\Maven\repo\org\apache\shiro\shiro-cache\1.9.0\shiro-cache-1.9.0.jar;D:\Maven\repo\org\apache\shiro\shiro-crypto-hash\1.9.0\shiro-crypto-hash-1.9.0.jar;D:\Maven\repo\org\apache\shiro\shiro-crypto-core\1.9.0\shiro-crypto-core-1.9.0.jar;D:\Maven\repo\org\apache\shiro\shiro-crypto-cipher\1.9.0\shiro-crypto-cipher-1.9.0.jar;D:\Maven\repo\org\apache\shiro\shiro-config-core\1.9.0\shiro-config-core-1.9.0.jar;D:\Maven\repo\org\apache\shiro\shiro-config-ogdl\1.9.0\shiro-config-ogdl-1.9.0.jar;D:\Maven\repo\commons-beanutils\commons-beanutils\1.9.4\commons-beanutils-1.9.4.jar;D:\Maven\repo\commons-collections\commons-collections\3.2.2\commons-collections-3.2.2.jar;D:\Maven\repo\org\apache\shiro\shiro-event\1.9.0\shiro-event-1.9.0.jar;D:\Maven\repo\org\apache\shiro\shiro-web\1.9.0\shiro-web-1.9.0.jar;D:\Maven\repo\org\owasp\encoder\encoder\1.2.2\encoder-1.2.2.jar;D:\Maven\repo\org\springframework\boot\spring-boot-starter-thymeleaf\2.6.7\spring-boot-starter-thymeleaf-2.6.7.jar;D:\Maven\repo\org\thymeleaf\thymeleaf-spring5\3.0.15.RELEASE\thymeleaf-spring5-3.0.15.RELEASE.jar;D:\Maven\repo\org\thymeleaf\thymeleaf\3.0.15.RELEASE\thymeleaf-3.0.15.RELEASE.jar;D:\Maven\repo\org\attoparser\attoparser\2.0.5.RELEASE\attoparser-2.0.5.RELEASE.jar;D:\Maven\repo\org\unbescape\unbescape\1.1.6.RELEASE\unbescape-1.1.6.RELEASE.jar;D:\Maven\repo\org\thymeleaf\extras\thymeleaf-extras-java8time\3.0.4.RELEASE\thymeleaf-extras-java8time-3.0.4.RELEASE.jar;"/>
    <property name="java.vm.vendor" value="Amazon.com Inc."/>
    <property name="sun.arch.data.model" value="64"/>
    <property name="user.variant" value=""/>
    <property name="java.vendor.url" value="https://aws.amazon.com/corretto/"/>
    <property name="user.timezone" value="Asia/Shanghai"/>
    <property name="java.vm.specification.version" value="1.8"/>
    <property name="os.name" value="Windows 10"/>
    <property name="user.country" value="CN"/>
    <property name="sun.java.launcher" value="SUN_STANDARD"/>
    <property name="sun.boot.library.path" value="D:\JDK\jdk1.8\jre\bin"/>
    <property name="sun.java.command" value="C:\Users\liucheng\AppData\Local\Temp\surefire8163782802911076257\surefirebooter5219491940054144395.jar C:\Users\liucheng\AppData\Local\Temp\surefire8163782802911076257 2022-06-01T20-44-30_354-jvmRun1 surefire1698058367281112536tmp surefire_05199198673735013695tmp"/>
    <property name="surefire.test.class.path" value="D:\JavaEE项目\bbsSystem\target\test-classes;D:\JavaEE项目\bbsSystem\target\classes;D:\Maven\repo\org\springframework\boot\spring-boot-starter-web\2.6.7\spring-boot-starter-web-2.6.7.jar;D:\Maven\repo\org\springframework\boot\spring-boot-starter\2.6.7\spring-boot-starter-2.6.7.jar;D:\Maven\repo\org\springframework\boot\spring-boot\2.6.7\spring-boot-2.6.7.jar;D:\Maven\repo\org\springframework\boot\spring-boot-starter-logging\2.6.7\spring-boot-starter-logging-2.6.7.jar;D:\Maven\repo\ch\qos\logback\logback-classic\1.2.11\logback-classic-1.2.11.jar;D:\Maven\repo\ch\qos\logback\logback-core\1.2.11\logback-core-1.2.11.jar;D:\Maven\repo\org\apache\logging\log4j\log4j-to-slf4j\2.17.2\log4j-to-slf4j-2.17.2.jar;D:\Maven\repo\org\apache\logging\log4j\log4j-api\2.17.2\log4j-api-2.17.2.jar;D:\Maven\repo\org\slf4j\jul-to-slf4j\1.7.36\jul-to-slf4j-1.7.36.jar;D:\Maven\repo\jakarta\annotation\jakarta.annotation-api\1.3.5\jakarta.annotation-api-1.3.5.jar;D:\Maven\repo\org\yaml\snakeyaml\1.29\snakeyaml-1.29.jar;D:\Maven\repo\org\springframework\boot\spring-boot-starter-json\2.6.7\spring-boot-starter-json-2.6.7.jar;D:\Maven\repo\com\fasterxml\jackson\core\jackson-databind\2.13.2.1\jackson-databind-2.13.2.1.jar;D:\Maven\repo\com\fasterxml\jackson\core\jackson-annotations\2.13.2\jackson-annotations-2.13.2.jar;D:\Maven\repo\com\fasterxml\jackson\core\jackson-core\2.13.2\jackson-core-2.13.2.jar;D:\Maven\repo\com\fasterxml\jackson\datatype\jackson-datatype-jdk8\2.13.2\jackson-datatype-jdk8-2.13.2.jar;D:\Maven\repo\com\fasterxml\jackson\datatype\jackson-datatype-jsr310\2.13.2\jackson-datatype-jsr310-2.13.2.jar;D:\Maven\repo\com\fasterxml\jackson\module\jackson-module-parameter-names\2.13.2\jackson-module-parameter-names-2.13.2.jar;D:\Maven\repo\org\springframework\boot\spring-boot-starter-tomcat\2.6.7\spring-boot-starter-tomcat-2.6.7.jar;D:\Maven\repo\org\apache\tomcat\embed\tomcat-embed-core\9.0.62\tomcat-embed-core-9.0.62.jar;D:\Maven\repo\org\apache\tomcat\embed\tomcat-embed-el\9.0.62\tomcat-embed-el-9.0.62.jar;D:\Maven\repo\org\apache\tomcat\embed\tomcat-embed-websocket\9.0.62\tomcat-embed-websocket-9.0.62.jar;D:\Maven\repo\org\springframework\spring-web\5.3.19\spring-web-5.3.19.jar;D:\Maven\repo\org\springframework\spring-beans\5.3.19\spring-beans-5.3.19.jar;D:\Maven\repo\org\springframework\spring-webmvc\5.3.19\spring-webmvc-5.3.19.jar;D:\Maven\repo\org\springframework\spring-aop\5.3.19\spring-aop-5.3.19.jar;D:\Maven\repo\org\springframework\spring-context\5.3.19\spring-context-5.3.19.jar;D:\Maven\repo\org\springframework\spring-expression\5.3.19\spring-expression-5.3.19.jar;D:\Maven\repo\org\mybatis\spring\boot\mybatis-spring-boot-starter\2.2.2\mybatis-spring-boot-starter-2.2.2.jar;D:\Maven\repo\org\springframework\boot\spring-boot-starter-jdbc\2.6.7\spring-boot-starter-jdbc-2.6.7.jar;D:\Maven\repo\com\zaxxer\HikariCP\4.0.3\HikariCP-4.0.3.jar;D:\Maven\repo\org\springframework\spring-jdbc\5.3.19\spring-jdbc-5.3.19.jar;D:\Maven\repo\org\springframework\spring-tx\5.3.19\spring-tx-5.3.19.jar;D:\Maven\repo\org\mybatis\spring\boot\mybatis-spring-boot-autoconfigure\2.2.2\mybatis-spring-boot-autoconfigure-2.2.2.jar;D:\Maven\repo\org\mybatis\mybatis\3.5.9\mybatis-3.5.9.jar;D:\Maven\repo\org\mybatis\mybatis-spring\2.0.7\mybatis-spring-2.0.7.jar;D:\Maven\repo\mysql\mysql-connector-java\8.0.28\mysql-connector-java-8.0.28.jar;D:\Maven\repo\org\projectlombok\lombok\1.18.24\lombok-1.18.24.jar;D:\Maven\repo\org\springframework\boot\spring-boot-starter-test\2.6.7\spring-boot-starter-test-2.6.7.jar;D:\Maven\repo\org\springframework\boot\spring-boot-test\2.6.7\spring-boot-test-2.6.7.jar;D:\Maven\repo\org\springframework\boot\spring-boot-test-autoconfigure\2.6.7\spring-boot-test-autoconfigure-2.6.7.jar;D:\Maven\repo\com\jayway\jsonpath\json-path\2.6.0\json-path-2.6.0.jar;D:\Maven\repo\net\minidev\json-smart\2.4.8\json-smart-2.4.8.jar;D:\Maven\repo\net\minidev\accessors-smart\2.4.8\accessors-smart-2.4.8.jar;D:\Maven\repo\org\ow2\asm\asm\9.1\asm-9.1.jar;D:\Maven\repo\jakarta\xml\bind\jakarta.xml.bind-api\2.3.3\jakarta.xml.bind-api-2.3.3.jar;D:\Maven\repo\jakarta\activation\jakarta.activation-api\1.2.2\jakarta.activation-api-1.2.2.jar;D:\Maven\repo\org\assertj\assertj-core\3.21.0\assertj-core-3.21.0.jar;D:\Maven\repo\org\hamcrest\hamcrest\2.2\hamcrest-2.2.jar;D:\Maven\repo\org\junit\jupiter\junit-jupiter\5.8.2\junit-jupiter-5.8.2.jar;D:\Maven\repo\org\junit\jupiter\junit-jupiter-api\5.8.2\junit-jupiter-api-5.8.2.jar;D:\Maven\repo\org\opentest4j\opentest4j\1.2.0\opentest4j-1.2.0.jar;D:\Maven\repo\org\junit\platform\junit-platform-commons\1.8.2\junit-platform-commons-1.8.2.jar;D:\Maven\repo\org\apiguardian\apiguardian-api\1.1.2\apiguardian-api-1.1.2.jar;D:\Maven\repo\org\junit\jupiter\junit-jupiter-params\5.8.2\junit-jupiter-params-5.8.2.jar;D:\Maven\repo\org\junit\jupiter\junit-jupiter-engine\5.8.2\junit-jupiter-engine-5.8.2.jar;D:\Maven\repo\org\junit\platform\junit-platform-engine\1.8.2\junit-platform-engine-1.8.2.jar;D:\Maven\repo\org\mockito\mockito-core\4.0.0\mockito-core-4.0.0.jar;D:\Maven\repo\net\bytebuddy\byte-buddy\1.11.22\byte-buddy-1.11.22.jar;D:\Maven\repo\net\bytebuddy\byte-buddy-agent\1.11.22\byte-buddy-agent-1.11.22.jar;D:\Maven\repo\org\objenesis\objenesis\3.2\objenesis-3.2.jar;D:\Maven\repo\org\mockito\mockito-junit-jupiter\4.0.0\mockito-junit-jupiter-4.0.0.jar;D:\Maven\repo\org\skyscreamer\jsonassert\1.5.0\jsonassert-1.5.0.jar;D:\Maven\repo\com\vaadin\external\google\android-json\0.0.20131108.vaadin1\android-json-0.0.20131108.vaadin1.jar;D:\Maven\repo\org\springframework\spring-core\5.3.19\spring-core-5.3.19.jar;D:\Maven\repo\org\springframework\spring-jcl\5.3.19\spring-jcl-5.3.19.jar;D:\Maven\repo\org\springframework\spring-test\5.3.19\spring-test-5.3.19.jar;D:\Maven\repo\org\xmlunit\xmlunit-core\2.8.4\xmlunit-core-2.8.4.jar;D:\Maven\repo\com\alibaba\druid-spring-boot-starter\1.2.9\druid-spring-boot-starter-1.2.9.jar;D:\Maven\repo\com\alibaba\druid\1.2.9\druid-1.2.9.jar;D:\Maven\repo\org\slf4j\slf4j-api\1.7.36\slf4j-api-1.7.36.jar;D:\Maven\repo\org\springframework\boot\spring-boot-autoconfigure\2.6.7\spring-boot-autoconfigure-2.6.7.jar;D:\Maven\repo\org\apache\shiro\shiro-spring-boot-web-starter\1.9.0\shiro-spring-boot-web-starter-1.9.0.jar;D:\Maven\repo\org\apache\shiro\shiro-spring-boot-starter\1.9.0\shiro-spring-boot-starter-1.9.0.jar;D:\Maven\repo\org\apache\shiro\shiro-spring\1.9.0\shiro-spring-1.9.0.jar;D:\Maven\repo\org\apache\shiro\shiro-core\1.9.0\shiro-core-1.9.0.jar;D:\Maven\repo\org\apache\shiro\shiro-lang\1.9.0\shiro-lang-1.9.0.jar;D:\Maven\repo\org\apache\shiro\shiro-cache\1.9.0\shiro-cache-1.9.0.jar;D:\Maven\repo\org\apache\shiro\shiro-crypto-hash\1.9.0\shiro-crypto-hash-1.9.0.jar;D:\Maven\repo\org\apache\shiro\shiro-crypto-core\1.9.0\shiro-crypto-core-1.9.0.jar;D:\Maven\repo\org\apache\shiro\shiro-crypto-cipher\1.9.0\shiro-crypto-cipher-1.9.0.jar;D:\Maven\repo\org\apache\shiro\shiro-config-core\1.9.0\shiro-config-core-1.9.0.jar;D:\Maven\repo\org\apache\shiro\shiro-config-ogdl\1.9.0\shiro-config-ogdl-1.9.0.jar;D:\Maven\repo\commons-beanutils\commons-beanutils\1.9.4\commons-beanutils-1.9.4.jar;D:\Maven\repo\commons-collections\commons-collections\3.2.2\commons-collections-3.2.2.jar;D:\Maven\repo\org\apache\shiro\shiro-event\1.9.0\shiro-event-1.9.0.jar;D:\Maven\repo\org\apache\shiro\shiro-web\1.9.0\shiro-web-1.9.0.jar;D:\Maven\repo\org\owasp\encoder\encoder\1.2.2\encoder-1.2.2.jar;D:\Maven\repo\org\springframework\boot\spring-boot-starter-thymeleaf\2.6.7\spring-boot-starter-thymeleaf-2.6.7.jar;D:\Maven\repo\org\thymeleaf\thymeleaf-spring5\3.0.15.RELEASE\thymeleaf-spring5-3.0.15.RELEASE.jar;D:\Maven\repo\org\thymeleaf\thymeleaf\3.0.15.RELEASE\thymeleaf-3.0.15.RELEASE.jar;D:\Maven\repo\org\attoparser\attoparser\2.0.5.RELEASE\attoparser-2.0.5.RELEASE.jar;D:\Maven\repo\org\unbescape\unbescape\1.1.6.RELEASE\unbescape-1.1.6.RELEASE.jar;D:\Maven\repo\org\thymeleaf\extras\thymeleaf-extras-java8time\3.0.4.RELEASE\thymeleaf-extras-java8time-3.0.4.RELEASE.jar;"/>
    <property name="sun.cpu.endian" value="little"/>
    <property name="user.home" value="C:\Users\liucheng"/>
    <property name="user.language" value="zh"/>
    <property name="java.specification.vendor" value="Oracle Corporation"/>
    <property name="java.home" value="D:\JDK\jdk1.8\jre"/>
    <property name="basedir" value="D:\JavaEE项目\bbsSystem"/>
    <property name="file.separator" value="\"/>
    <property name="line.separator" value="&#10;"/>
    <property name="java.vm.specification.vendor" value="Oracle Corporation"/>
    <property name="java.specification.name" value="Java Platform API Specification"/>
    <property name="java.awt.graphicsenv" value="sun.awt.Win32GraphicsEnvironment"/>
    <property name="surefire.real.class.path" value="C:\Users\liucheng\AppData\Local\Temp\surefire8163782802911076257\surefirebooter5219491940054144395.jar"/>
    <property name="sun.boot.class.path" value="D:\JDK\jdk1.8\jre\lib\resources.jar;D:\JDK\jdk1.8\jre\lib\rt.jar;D:\JDK\jdk1.8\jre\lib\sunrsasign.jar;D:\JDK\jdk1.8\jre\lib\jsse.jar;D:\JDK\jdk1.8\jre\lib\jce.jar;D:\JDK\jdk1.8\jre\lib\charsets.jar;D:\JDK\jdk1.8\jre\lib\jfr.jar;D:\JDK\jdk1.8\jre\classes"/>
    <property name="user.script" value=""/>
    <property name="sun.management.compiler" value="HotSpot 64-Bit Tiered Compilers"/>
    <property name="java.runtime.version" value="1.8.0_322-b06"/>
    <property name="user.name" value="liucheng"/>
    <property name="path.separator" value=";"/>
    <property name="os.version" value="10.0"/>
    <property name="java.endorsed.dirs" value="D:\JDK\jdk1.8\jre\lib\endorsed"/>
    <property name="java.runtime.name" value="OpenJDK Runtime Environment"/>
    <property name="file.encoding" value="GBK"/>
    <property name="java.vm.name" value="OpenJDK 64-Bit Server VM"/>
    <property name="localRepository" value="D:\Maven\repo"/>
    <property name="java.vendor.url.bug" value="https://github.com/corretto/corretto-8/issues/"/>
    <property name="java.io.tmpdir" value="C:\Users\liucheng\AppData\Local\Temp\"/>
    <property name="idea.version" value="2021.2.4"/>
    <property name="java.version" value="1.8.0_322"/>
    <property name="user.dir" value="D:\JavaEE项目\bbsSystem"/>
    <property name="os.arch" value="amd64"/>
    <property name="java.vm.specification.name" value="Java Virtual Machine Specification"/>
    <property name="java.awt.printerjob" value="sun.awt.windows.WPrinterJob"/>
    <property name="sun.os.patch.level" value=""/>
    <property name="java.library.path" value="D:\JDK\jdk1.8\jre\bin;C:\WINDOWS\Sun\Java\bin;C:\WINDOWS\system32;C:\WINDOWS;D:\新建文件夹 (2)\VMware\bin\;C:\Program Files\MySQL\MySQL Server 5.5\bin;C:\Program Files\Common Files\Oracle\Java\javapath;C:\WINDOWS\system32;C:\WINDOWS;C:\WINDOWS\System32\Wbem;C:\WINDOWS\System32\WindowsPowerShell\v1.0\;C:\WINDOWS\System32\OpenSSH\;&quot;%JAVA_HOME%\bin;&quot;;D:\IEDA\tomcat\apache-tomcat-9.0.52\bin;D:\IEDA\tomcat\apache-tomcat-9.0.52\lib;D:\mingw-w64\x86_64-8.1.0-posix-seh-rt_v6-rev0\mingw64\bin;D:\vscode\;D:\Maven\apache-maven-3.8.4\bin;D:\微信开发小程序\微信web开发者工具\dll;C:\Android;C:;Windows\System32;D:\下载\Git\cmd;C:\Program Files\Azure Data Studio\bin;C:\Program Files\Microsoft SQL Server\Client SDK\ODBC\170\Tools\Binn\;C:\Program Files (x86)\Microsoft SQL Server\150\Tools\Binn\;C:\Program Files\Microsoft SQL Server\150\Tools\Binn\;C:\Program Files\Microsoft SQL Server\150\DTS\Binn\;C:\Program Files (x86)\Microsoft SQL Server\150\DTS\Binn\;D:\HarmonysIDE\SDK\toolchains;C:\strawberry\c\bin;C:\strawberry\perl\bin;C:\Users\liucheng\AppData\Local\Microsoft\WindowsApps;C:\Program Files\Bandizip\;;D:\vscode\Microsoft VS Code\bin;C:\Users\liucheng\AppData\Roaming\npm;D:\HarmonysIDE\IDE\DevEco Studio 3.0.0.800\bin;;C:\Program Files\Azure Data Studio\bin;D:\WS\WebStorm 2022.1.1\bin;;."/>
    <property name="java.vm.info" value="mixed mode"/>
    <property name="java.vendor" value="Amazon.com Inc."/>
    <property name="java.vm.version" value="25.322-b06"/>
    <property name="java.ext.dirs" value="D:\JDK\jdk1.8\jre\lib\ext;C:\WINDOWS\Sun\Java\lib\ext"/>
    <property name="sun.io.unicode.encoding" value="UnicodeLittle"/>
    <property name="maven.repo.local" value="D:\Maven\repo"/>
    <property name="java.class.version" value="52.0"/>
  </properties>
  <testcase name="contextLoads" classname="com.cheng.BbsSystemApplicationTests" time="0.33"/>
</testsuite>